C:\Program Files\Microsoft Visual Studio\2022\Enterprise\MSBuild\Microsoft\VC\v170\Microsoft.CppBuild.targets(503,5): warning MSB8004: Output Directory does not end with a trailing slash.  This build instance will add the slash as it is required to allow proper evaluation of the Output Directory.
  UI.cpp
  imgui.cpp
  imgui_demo.cpp
  imgui_draw.cpp
  imgui_impl_dx9.cpp
  imgui_impl_win32.cpp
  imgui_tables.cpp
  imgui_widgets.cpp
  Window.cpp
X:\SCPCBR\sdk\Application\Utilities\Window\Window.cpp(134,16): warning C4297: 'Window::MakeDevice': function assumed not to throw an exception but does
X:\SCPCBR\sdk\Application\Utilities\Window\Window.cpp(134,16): message : __declspec(nothrow), throw(), noexcept(true), or noexcept was specified on the function
X:\SCPCBR\sdk\Application\Utilities\Window\Window.cpp(146,3): warning C4297: 'Window::MakeDevice': function assumed not to throw an exception but does
X:\SCPCBR\sdk\Application\Utilities\Window\Window.cpp(146,3): message : __declspec(nothrow), throw(), noexcept(true), or noexcept was specified on the function
  Discord.cpp
  API.cpp
     Creating library ..\source\SCPSDK.lib and object ..\source\SCPSDK.exp
  Generating code
  Previous IPDB not found, fall back to full compilation.
  All 1756 functions were compiled because no usable IPDB/IOBJ from previous compilation was found.
  Finished generating code
  BlitzSteam.vcxproj -> X:\SCPCBR\source\SCPSDK.dll
