d:\scpcbr\sdk\release\luametaobject.obj
d:\scpcbr\sdk\release\imgui_tables.obj
d:\scpcbr\sdk\release\imgui.obj
d:\scpcbr\sdk\release\imgui_impl_glfw.obj
d:\scpcbr\sdk\release\luaregistry.obj
d:\scpcbr\sdk\release\imgui_draw.obj
d:\scpcbr\sdk\release\luattable.obj
d:\scpcbr\sdk\release\imgui_impl_opengl3.obj
d:\scpcbr\sdk\release\luatstring.obj
d:\scpcbr\sdk\release\imgui_demo.obj
d:\scpcbr\sdk\release\discord.obj
d:\scpcbr\sdk\release\luatboolean.obj
d:\scpcbr\sdk\release\memman.obj
d:\scpcbr\sdk\release\luacompiler.obj
d:\scpcbr\sdk\release\lualibrary.obj
d:\scpcbr\sdk\release\luatuserdata.obj
d:\scpcbr\sdk\release\luacfunction.obj
d:\scpcbr\sdk\release\luatnumber.obj
d:\scpcbr\sdk\release\luacontext.obj
d:\scpcbr\sdk\release\luacodesnippet.obj
d:\scpcbr\sdk\release\luaversion.obj
d:\scpcbr\sdk\release\imgui_widgets.obj
d:\scpcbr\sdk\release\api.obj
d:\scpcbr\sdk\release\luastate.obj
d:\scpcbr\sdk\release\luatype.obj
d:\scpcbr\sdk\release\luatnil.obj
d:\scpcbr\sdk\release\scpsdk.tlog\clang-cl.10148.write.1.tlog
d:\scpcbr\sdk\release\scpsdk.tlog\clang-cl.command.1.tlog
d:\scpcbr\sdk\release\scpsdk.tlog\clang-cl.read.1.tlog
d:\scpcbr\sdk\release\scpsdk.tlog\lld-link.command.1.tlog
d:\scpcbr\sdk\release\scpsdk.tlog\lld-link.read.1.tlog
d:\scpcbr\sdk\release\scpsdk.tlog\lld-link.write.1.tlog
